Arguments: 
  /usr/local/bin/node /opt/homebrew/Cellar/yarn/1.22.10/libexec/bin/yarn.js add oadsh

PATH: 
  /opt/homebrew/Cellar/nodenv/1.4.0/libexec:/Users/otegami/.nodenv/shims:/Users/otegami/.rbenv/shims:/Users/otegami/.nodenv/bin:/usr/local/bin/git:/usr/local/opt/openssl@1.1/bin:/usr/local/bin:/usr/bin:/bin:/usr/sbin:/sbin:/Users/otegami/.rbenv/bin:/Users/otegami/.rbenv/shims:/Users/otegami/.nodenv/shims:/Users/otegami/.nodenv/bin:/usr/local/bin/git:/usr/local/opt/openssl@1.1/bin:/opt/homebrew/bin:/opt/homebrew/sbin

Yarn version: 
  1.22.10

Node version: 
  14.17.0

Platform: 
  darwin x64

Trace: 
  Error: https://registry.yarnpkg.com/oadsh: Not found
      at Request.params.callback [as _callback] (/opt/homebrew/Cellar/yarn/1.22.10/libexec/lib/cli.js:66988:18)
      at Request.self.callback (/opt/homebrew/Cellar/yarn/1.22.10/libexec/lib/cli.js:140749:22)
      at Request.emit (events.js:376:20)
      at Request.<anonymous> (/opt/homebrew/Cellar/yarn/1.22.10/libexec/lib/cli.js:141721:10)
      at Request.emit (events.js:376:20)
      at IncomingMessage.<anonymous> (/opt/homebrew/Cellar/yarn/1.22.10/libexec/lib/cli.js:141643:12)
      at Object.onceWrapper (events.js:482:28)
      at IncomingMessage.emit (events.js:388:22)
      at endReadableNT (internal/streams/readable.js:1336:12)
      at processTicksAndRejections (internal/process/task_queues.js:82:21)

npm manifest: 
  {
    "type": "module",
    "name": "esm",
    "version": "1.0.0",
    "main": "index.js",
    "license": "MIT"
  }

yarn manifest: 
  No manifest

Lockfile: 
  No lockfile
